2025-12-05 23:43:50 [debug]: [AUTH] Setting up local authentication...
2025-12-05 23:43:50 [debug]: [AUTH] Google OAuth strategy configured
2025-12-05 23:43:50 [debug]: [AUTH] Local authentication setup complete
2025-12-05 23:43:50 [debug]: [MOBILE_AUTH] Setting up mobile authentication routes...
2025-12-05 23:43:50 [debug]: [MOBILE_AUTH] Mobile authentication routes configured
2025-12-05 23:44:07 [debug]: [AUTH] Setting up local authentication...
2025-12-05 23:44:07 [debug]: [AUTH] Google OAuth strategy configured
2025-12-05 23:44:07 [debug]: [AUTH] Local authentication setup complete
2025-12-05 23:44:07 [debug]: [MOBILE_AUTH] Setting up mobile authentication routes...
2025-12-05 23:44:07 [debug]: [MOBILE_AUTH] Mobile authentication routes configured
2025-12-05 23:44:25 [debug]: [AUTH] Setting up local authentication...
2025-12-05 23:44:25 [debug]: [AUTH] Google OAuth strategy configured
2025-12-05 23:44:25 [debug]: [AUTH] Local authentication setup complete
2025-12-05 23:44:25 [debug]: [MOBILE_AUTH] Setting up mobile authentication routes...
2025-12-05 23:44:25 [debug]: [MOBILE_AUTH] Mobile authentication routes configured
2025-12-05 23:46:14 [debug]: [AUTH] Setting up local authentication...
2025-12-05 23:46:14 [debug]: [AUTH] Google OAuth strategy configured
2025-12-05 23:46:14 [debug]: [AUTH] Local authentication setup complete
2025-12-05 23:46:14 [debug]: [MOBILE_AUTH] Setting up mobile authentication routes...
2025-12-05 23:46:14 [debug]: [MOBILE_AUTH] Mobile authentication routes configured
